<?xml version="1.0" encoding="UTF-8"?>
<testng-results skipped="0" failed="0" ignored="6" total="13" passed="7">
  <reporter-output>
  </reporter-output>
  <suite name="Suite" duration-ms="39132" started-at="2018-10-31T09:34:17Z" finished-at="2018-10-31T09:34:56Z">
    <groups>
    </groups>
    <test name="Test" duration-ms="39132" started-at="2018-10-31T09:34:17Z" finished-at="2018-10-31T09:34:56Z">
      <class name="com.qa.TestCase.AmazonLoginPageTest">
        <test-method status="PASS" signature="ReportSetup()[pri:0, instance:com.qa.TestCase.AmazonLoginPageTest@1e2dbf3]" name="ReportSetup" is-config="true" duration-ms="370" started-at="2018-10-31T09:34:05Z" finished-at="2018-10-31T09:34:05Z">
          <reporter-output>
          </reporter-output>
        </test-method> <!-- ReportSetup -->
        <test-method status="PASS" signature="setup()[pri:0, instance:com.qa.TestCase.AmazonLoginPageTest@1e2dbf3]" name="setup" is-config="true" duration-ms="11414" started-at="2018-10-31T09:34:05Z" depends-on-methods="com.qa.BaseClass.BaseClass.ReportSetup" finished-at="2018-10-31T09:34:17Z">
          <reporter-output>
          </reporter-output>
        </test-method> <!-- setup -->
        <test-method status="PASS" signature="AmazonLogoTest()[pri:1, instance:com.qa.TestCase.AmazonLoginPageTest@1e2dbf3]" name="AmazonLogoTest" duration-ms="545" started-at="2018-10-31T09:34:17Z" description="Validation of Logo On Consumer Portal Home Page" finished-at="2018-10-31T09:34:17Z">
          <reporter-output>
          </reporter-output>
        </test-method> <!-- AmazonLogoTest -->
        <test-method status="PASS" signature="getResult(org.testng.ITestResult)[pri:0, instance:com.qa.TestCase.AmazonLoginPageTest@1e2dbf3]" name="getResult" is-config="true" duration-ms="32" started-at="2018-10-31T09:34:17Z" finished-at="2018-10-31T09:34:17Z">
          <params>
            <param index="0">
              <value>
                <![CDATA[[TestResult name=AmazonLogoTest status=SUCCESS method=AmazonLoginPageTest.AmazonLogoTest()[pri:1, instance:com.qa.TestCase.AmazonLoginPageTest@1e2dbf3] output={null}]]]>
              </value>
            </param>
          </params>
          <reporter-output>
          </reporter-output>
        </test-method> <!-- getResult -->
        <test-method status="PASS" signature="ConsumerPortalTittle()[pri:2, instance:com.qa.TestCase.AmazonLoginPageTest@1e2dbf3]" name="ConsumerPortalTittle" duration-ms="48" started-at="2018-10-31T09:34:17Z" description="Validation of Tittle On Consumer Portal Home Page" finished-at="2018-10-31T09:34:17Z">
          <reporter-output>
          </reporter-output>
        </test-method> <!-- ConsumerPortalTittle -->
        <test-method status="PASS" signature="getResult(org.testng.ITestResult)[pri:0, instance:com.qa.TestCase.AmazonLoginPageTest@1e2dbf3]" name="getResult" is-config="true" duration-ms="1" started-at="2018-10-31T09:34:17Z" finished-at="2018-10-31T09:34:17Z">
          <params>
            <param index="0">
              <value>
                <![CDATA[[TestResult name=ConsumerPortalTittle status=SUCCESS method=AmazonLoginPageTest.ConsumerPortalTittle()[pri:2, instance:com.qa.TestCase.AmazonLoginPageTest@1e2dbf3] output={null}]]]>
              </value>
            </param>
          </params>
          <reporter-output>
          </reporter-output>
        </test-method> <!-- getResult -->
        <test-method status="PASS" signature="ConsumerLogoTest()[pri:3, instance:com.qa.TestCase.AmazonLoginPageTest@1e2dbf3]" name="ConsumerLogoTest" duration-ms="10576" started-at="2018-10-31T09:34:17Z" description="Amazon Customer Login Page" finished-at="2018-10-31T09:34:28Z">
          <reporter-output>
          </reporter-output>
        </test-method> <!-- ConsumerLogoTest -->
        <test-method status="PASS" signature="getResult(org.testng.ITestResult)[pri:0, instance:com.qa.TestCase.AmazonLoginPageTest@1e2dbf3]" name="getResult" is-config="true" duration-ms="0" started-at="2018-10-31T09:34:28Z" finished-at="2018-10-31T09:34:28Z">
          <params>
            <param index="0">
              <value>
                <![CDATA[[TestResult name=ConsumerLogoTest status=SUCCESS method=AmazonLoginPageTest.ConsumerLogoTest()[pri:3, instance:com.qa.TestCase.AmazonLoginPageTest@1e2dbf3] output={null}]]]>
              </value>
            </param>
          </params>
          <reporter-output>
          </reporter-output>
        </test-method> <!-- getResult -->
        <test-method status="PASS" signature="Exit()[pri:0, instance:com.qa.TestCase.AmazonLoginPageTest@1e2dbf3]" name="Exit" is-config="true" duration-ms="1168" started-at="2018-10-31T09:34:55Z" finished-at="2018-10-31T09:34:56Z">
          <reporter-output>
          </reporter-output>
        </test-method> <!-- Exit -->
        <test-method status="PASS" signature="endReport()[pri:0, instance:com.qa.TestCase.AmazonLoginPageTest@1e2dbf3]" name="endReport" is-config="true" duration-ms="689" started-at="2018-10-31T09:34:56Z" finished-at="2018-10-31T09:34:56Z">
          <reporter-output>
          </reporter-output>
        </test-method> <!-- endReport -->
      </class> <!-- com.qa.TestCase.AmazonLoginPageTest -->
      <class name="com.qa.TestCase.DashBoardPageTest">
        <test-method status="PASS" signature="AmazonSerachPage()[pri:4, instance:com.qa.TestCase.DashBoardPageTest@1f8bee4]" name="AmazonSerachPage" duration-ms="10832" started-at="2018-10-31T09:34:28Z" description="Search and get the list of all Footwear along with price on amazon Page" finished-at="2018-10-31T09:34:39Z">
          <reporter-output>
          </reporter-output>
        </test-method> <!-- AmazonSerachPage -->
        <test-method status="PASS" signature="getResult(org.testng.ITestResult)[pri:0, instance:com.qa.TestCase.DashBoardPageTest@1f8bee4]" name="getResult" is-config="true" duration-ms="1" started-at="2018-10-31T09:34:39Z" finished-at="2018-10-31T09:34:39Z">
          <params>
            <param index="0">
              <value>
                <![CDATA[[TestResult name=AmazonSerachPage status=SUCCESS method=DashBoardPageTest.AmazonSerachPage()[pri:4, instance:com.qa.TestCase.DashBoardPageTest@1f8bee4] output={null}]]]>
              </value>
            </param>
          </params>
          <reporter-output>
          </reporter-output>
        </test-method> <!-- getResult -->
        <test-method status="PASS" signature="ClickonContactPage()[pri:5, instance:com.qa.TestCase.DashBoardPageTest@1f8bee4]" name="ClickonContactPage" duration-ms="3013" started-at="2018-10-31T09:34:39Z" description="Search and get the list of all Footwear along with price on amazon Page" finished-at="2018-10-31T09:34:42Z">
          <reporter-output>
          </reporter-output>
        </test-method> <!-- ClickonContactPage -->
        <test-method status="PASS" signature="getResult(org.testng.ITestResult)[pri:0, instance:com.qa.TestCase.DashBoardPageTest@1f8bee4]" name="getResult" is-config="true" duration-ms="1" started-at="2018-10-31T09:34:42Z" finished-at="2018-10-31T09:34:42Z">
          <params>
            <param index="0">
              <value>
                <![CDATA[[TestResult name=ClickonContactPage status=SUCCESS method=DashBoardPageTest.ClickonContactPage()[pri:5, instance:com.qa.TestCase.DashBoardPageTest@1f8bee4] output={null}]]]>
              </value>
            </param>
          </params>
          <reporter-output>
          </reporter-output>
        </test-method> <!-- getResult -->
      </class> <!-- com.qa.TestCase.DashBoardPageTest -->
      <class name="com.qa.TestCase.CustomerHelpPageTest">
        <test-method status="PASS" signature="DashBoardIntialize()[pri:0, instance:com.qa.TestCase.CustomerHelpPageTest@149cea0]" name="DashBoardIntialize" is-config="true" duration-ms="30" started-at="2018-10-31T09:34:17Z" finished-at="2018-10-31T09:34:17Z">
          <reporter-output>
          </reporter-output>
        </test-method> <!-- DashBoardIntialize -->
        <test-method status="PASS" signature="DashBoardIntialize()[pri:0, instance:com.qa.TestCase.DashBoardPageTest@1f8bee4]" name="DashBoardIntialize" is-config="true" duration-ms="45" started-at="2018-10-31T09:34:17Z" finished-at="2018-10-31T09:34:17Z">
          <reporter-output>
          </reporter-output>
        </test-method> <!-- DashBoardIntialize -->
        <test-method status="PASS" signature="ConsumerLogoTest()[pri:7, instance:com.qa.TestCase.CustomerHelpPageTest@149cea0]" name="ConsumerLogoTest" duration-ms="9859" started-at="2018-10-31T09:34:42Z" description="MouseHover to Department and Select Baby Products" finished-at="2018-10-31T09:34:52Z">
          <reporter-output>
          </reporter-output>
        </test-method> <!-- ConsumerLogoTest -->
        <test-method status="PASS" signature="getResult(org.testng.ITestResult)[pri:0, instance:com.qa.TestCase.CustomerHelpPageTest@149cea0]" name="getResult" is-config="true" duration-ms="4" started-at="2018-10-31T09:34:52Z" finished-at="2018-10-31T09:34:52Z">
          <params>
            <param index="0">
              <value>
                <![CDATA[[TestResult name=ConsumerLogoTest status=SUCCESS method=CustomerHelpPageTest.ConsumerLogoTest()[pri:7, instance:com.qa.TestCase.CustomerHelpPageTest@149cea0] output={null}]]]>
              </value>
            </param>
          </params>
          <reporter-output>
          </reporter-output>
        </test-method> <!-- getResult -->
        <test-method status="PASS" signature="AmazonLogout()[pri:8, instance:com.qa.TestCase.CustomerHelpPageTest@149cea0]" name="AmazonLogout" duration-ms="2846" started-at="2018-10-31T09:34:52Z" description="MouseHover and Logout Page From Amazon" finished-at="2018-10-31T09:34:55Z">
          <reporter-output>
          </reporter-output>
        </test-method> <!-- AmazonLogout -->
        <test-method status="PASS" signature="getResult(org.testng.ITestResult)[pri:0, instance:com.qa.TestCase.CustomerHelpPageTest@149cea0]" name="getResult" is-config="true" duration-ms="0" started-at="2018-10-31T09:34:55Z" finished-at="2018-10-31T09:34:55Z">
          <params>
            <param index="0">
              <value>
                <![CDATA[[TestResult name=AmazonLogout status=SUCCESS method=CustomerHelpPageTest.AmazonLogout()[pri:8, instance:com.qa.TestCase.CustomerHelpPageTest@149cea0] output={null}]]]>
              </value>
            </param>
          </params>
          <reporter-output>
          </reporter-output>
        </test-method> <!-- getResult -->
      </class> <!-- com.qa.TestCase.CustomerHelpPageTest -->
    </test> <!-- Test -->
  </suite> <!-- Suite -->
</testng-results>
